<?xml version="1.0" encoding="UTF-8"?>
<!-- Generated by org.testng.reporters.JUnitReportReporter -->
<testsuite hostname="LIN60016586" name="com.qa.StateFarm.StateFarm.TestScript1" tests="5" failures="0" timestamp="27 Sep 2020 06:19:09 GMT" time="148.321" errors="0">
  <testcase name="addVehicle" time="41.357" classname="com.qa.StateFarm.StateFarm.TestScript1"/>
  <testcase name="startTest" time="8.051" classname="com.qa.StateFarm.StateFarm.TestScript1"/>
  <testcase name="enterPersonalDetails" time="25.332" classname="com.qa.StateFarm.StateFarm.TestScript1"/>
  <testcase name="enterDriverDetails" time="44.170" classname="com.qa.StateFarm.StateFarm.TestScript1"/>
  <testcase name="additionalInfo" time="29.411" classname="com.qa.StateFarm.StateFarm.TestScript1"/>
</testsuite> <!-- com.qa.StateFarm.StateFarm.TestScript1 -->
