<?xml version="1.0" encoding="UTF-8"?>
<!-- Generated by org.testng.reporters.JUnitReportReporter -->
<testsuite skipped="0" hostname="LIN60016586" name="com.qa.StateFarm.StateFarm.ControlFile" tests="1" failures="0" timestamp="2020-09-25T22:22:04 IST" time="19.610" errors="0">
  <testcase name="openBrowser" time="19.610" classname="com.qa.StateFarm.StateFarm.ControlFile"/>
  <system-out/>
</testsuite> <!-- com.qa.StateFarm.StateFarm.ControlFile -->
