<?xml version="1.0" encoding="UTF-8"?>
<!-- Generated by org.testng.reporters.JUnitReportReporter -->
<testsuite skipped="0" hostname="LIN60016586" name="com.qa.StateFarm.StateFarm.TestScript1" tests="5" failures="0" timestamp="27 Sep 2020 06:35:38 GMT" time="146.992" errors="0">
  <testcase name="startTest" time="7.482" classname="com.qa.StateFarm.StateFarm.TestScript1"/>
  <testcase name="enterPersonalDetails" time="26.936" classname="com.qa.StateFarm.StateFarm.TestScript1"/>
  <testcase name="addVehicle" time="42.890" classname="com.qa.StateFarm.StateFarm.TestScript1"/>
  <testcase name="enterDriverDetails" time="39.801" classname="com.qa.StateFarm.StateFarm.TestScript1"/>
  <testcase name="additionalInfo" time="29.883" classname="com.qa.StateFarm.StateFarm.TestScript1"/>
</testsuite> <!-- com.qa.StateFarm.StateFarm.TestScript1 -->
